<?xml version="1.0" encoding="UTF-8"?>
<testsuite xmlns:xsi="http://www.w3.org/2001/XMLSchema-instance" xsi:noNamespaceSchemaLocation="https://maven.apache.org/surefire/maven-surefire-plugin/xsd/surefire-test-report-3.0.xsd" version="3.0" name="top.om1ga.apidemo.ApiDemoApplicationTests" time="2.508" tests="1" errors="0" skipped="0" failures="0">
  <properties>
    <property name="java.specification.version" value="17"/>
    <property name="sun.cpu.isalist" value="amd64"/>
    <property name="sun.jnu.encoding" value="GBK"/>
    <property name="java.class.path" value="D:\projects\api-demo\target\test-classes;D:\projects\api-demo\target\classes;C:\mavencc\org\springframework\boot\spring-boot-starter-web\3.1.5\spring-boot-starter-web-3.1.5.jar;C:\mavencc\org\springframework\boot\spring-boot-starter\3.1.5\spring-boot-starter-3.1.5.jar;C:\mavencc\org\springframework\boot\spring-boot\3.1.5\spring-boot-3.1.5.jar;C:\mavencc\org\springframework\boot\spring-boot-autoconfigure\3.1.5\spring-boot-autoconfigure-3.1.5.jar;C:\mavencc\org\springframework\boot\spring-boot-starter-logging\3.1.5\spring-boot-starter-logging-3.1.5.jar;C:\mavencc\ch\qos\logback\logback-classic\1.4.11\logback-classic-1.4.11.jar;C:\mavencc\ch\qos\logback\logback-core\1.4.11\logback-core-1.4.11.jar;C:\mavencc\org\apache\logging\log4j\log4j-to-slf4j\2.20.0\log4j-to-slf4j-2.20.0.jar;C:\mavencc\org\apache\logging\log4j\log4j-api\2.20.0\log4j-api-2.20.0.jar;C:\mavencc\org\slf4j\jul-to-slf4j\2.0.9\jul-to-slf4j-2.0.9.jar;C:\mavencc\jakarta\annotation\jakarta.annotation-api\2.1.1\jakarta.annotation-api-2.1.1.jar;C:\mavencc\org\yaml\snakeyaml\1.33\snakeyaml-1.33.jar;C:\mavencc\org\springframework\boot\spring-boot-starter-json\3.1.5\spring-boot-starter-json-3.1.5.jar;C:\mavencc\com\fasterxml\jackson\core\jackson-databind\2.15.3\jackson-databind-2.15.3.jar;C:\mavencc\com\fasterxml\jackson\core\jackson-annotations\2.15.3\jackson-annotations-2.15.3.jar;C:\mavencc\com\fasterxml\jackson\core\jackson-core\2.15.3\jackson-core-2.15.3.jar;C:\mavencc\com\fasterxml\jackson\datatype\jackson-datatype-jdk8\2.15.3\jackson-datatype-jdk8-2.15.3.jar;C:\mavencc\com\fasterxml\jackson\datatype\jackson-datatype-jsr310\2.15.3\jackson-datatype-jsr310-2.15.3.jar;C:\mavencc\com\fasterxml\jackson\module\jackson-module-parameter-names\2.15.3\jackson-module-parameter-names-2.15.3.jar;C:\mavencc\org\springframework\boot\spring-boot-starter-tomcat\3.1.5\spring-boot-starter-tomcat-3.1.5.jar;C:\mavencc\org\apache\tomcat\embed\tomcat-embed-core\10.1.15\tomcat-embed-core-10.1.15.jar;C:\mavencc\org\apache\tomcat\embed\tomcat-embed-el\10.1.15\tomcat-embed-el-10.1.15.jar;C:\mavencc\org\apache\tomcat\embed\tomcat-embed-websocket\10.1.15\tomcat-embed-websocket-10.1.15.jar;C:\mavencc\org\springframework\spring-web\6.0.13\spring-web-6.0.13.jar;C:\mavencc\org\springframework\spring-beans\6.0.13\spring-beans-6.0.13.jar;C:\mavencc\io\micrometer\micrometer-observation\1.11.5\micrometer-observation-1.11.5.jar;C:\mavencc\io\micrometer\micrometer-commons\1.11.5\micrometer-commons-1.11.5.jar;C:\mavencc\org\springframework\spring-webmvc\6.0.13\spring-webmvc-6.0.13.jar;C:\mavencc\org\springframework\spring-aop\6.0.13\spring-aop-6.0.13.jar;C:\mavencc\org\springframework\spring-context\6.0.13\spring-context-6.0.13.jar;C:\mavencc\org\springframework\spring-expression\6.0.13\spring-expression-6.0.13.jar;C:\mavencc\org\springframework\boot\spring-boot-starter-test\3.1.5\spring-boot-starter-test-3.1.5.jar;C:\mavencc\org\springframework\boot\spring-boot-test\3.1.5\spring-boot-test-3.1.5.jar;C:\mavencc\org\springframework\boot\spring-boot-test-autoconfigure\3.1.5\spring-boot-test-autoconfigure-3.1.5.jar;C:\mavencc\com\jayway\jsonpath\json-path\2.8.0\json-path-2.8.0.jar;C:\mavencc\org\slf4j\slf4j-api\2.0.9\slf4j-api-2.0.9.jar;C:\mavencc\jakarta\xml\bind\jakarta.xml.bind-api\4.0.1\jakarta.xml.bind-api-4.0.1.jar;C:\mavencc\jakarta\activation\jakarta.activation-api\2.1.2\jakarta.activation-api-2.1.2.jar;C:\mavencc\net\minidev\json-smart\2.4.11\json-smart-2.4.11.jar;C:\mavencc\net\minidev\accessors-smart\2.4.11\accessors-smart-2.4.11.jar;C:\mavencc\org\ow2\asm\asm\9.3\asm-9.3.jar;C:\mavencc\org\assertj\assertj-core\3.24.2\assertj-core-3.24.2.jar;C:\mavencc\net\bytebuddy\byte-buddy\1.14.9\byte-buddy-1.14.9.jar;C:\mavencc\org\hamcrest\hamcrest\2.2\hamcrest-2.2.jar;C:\mavencc\org\junit\jupiter\junit-jupiter\5.9.3\junit-jupiter-5.9.3.jar;C:\mavencc\org\junit\jupiter\junit-jupiter-api\5.9.3\junit-jupiter-api-5.9.3.jar;C:\mavencc\org\opentest4j\opentest4j\1.2.0\opentest4j-1.2.0.jar;C:\mavencc\org\junit\platform\junit-platform-commons\1.9.3\junit-platform-commons-1.9.3.jar;C:\mavencc\org\apiguardian\apiguardian-api\1.1.2\apiguardian-api-1.1.2.jar;C:\mavencc\org\junit\jupiter\junit-jupiter-params\5.9.3\junit-jupiter-params-5.9.3.jar;C:\mavencc\org\junit\jupiter\junit-jupiter-engine\5.9.3\junit-jupiter-engine-5.9.3.jar;C:\mavencc\org\junit\platform\junit-platform-engine\1.9.3\junit-platform-engine-1.9.3.jar;C:\mavencc\org\mockito\mockito-core\5.3.1\mockito-core-5.3.1.jar;C:\mavencc\net\bytebuddy\byte-buddy-agent\1.14.9\byte-buddy-agent-1.14.9.jar;C:\mavencc\org\objenesis\objenesis\3.3\objenesis-3.3.jar;C:\mavencc\org\mockito\mockito-junit-jupiter\5.3.1\mockito-junit-jupiter-5.3.1.jar;C:\mavencc\org\skyscreamer\jsonassert\1.5.1\jsonassert-1.5.1.jar;C:\mavencc\com\vaadin\external\google\android-json\0.0.20131108.vaadin1\android-json-0.0.20131108.vaadin1.jar;C:\mavencc\org\springframework\spring-core\6.0.13\spring-core-6.0.13.jar;C:\mavencc\org\springframework\spring-jcl\6.0.13\spring-jcl-6.0.13.jar;C:\mavencc\org\springframework\spring-test\6.0.13\spring-test-6.0.13.jar;C:\mavencc\org\xmlunit\xmlunit-core\2.9.1\xmlunit-core-2.9.1.jar;"/>
    <property name="java.vm.vendor" value="Oracle Corporation"/>
    <property name="sun.arch.data.model" value="64"/>
    <property name="user.variant" value=""/>
    <property name="java.vendor.url" value="https://java.oracle.com/"/>
    <property name="user.timezone" value="Asia/Singapore"/>
    <property name="os.name" value="Windows 10"/>
    <property name="java.vm.specification.version" value="17"/>
    <property name="sun.java.launcher" value="SUN_STANDARD"/>
    <property name="user.country" value="SG"/>
    <property name="sun.boot.library.path" value="C:\Program Files\Java\jdk-17.0.1\bin"/>
    <property name="sun.java.command" value="C:\Users\84508\AppData\Local\Temp\surefire2232480991664629909\surefirebooter-20231029114147320_3.jar C:\Users\84508\AppData\Local\Temp\surefire2232480991664629909 2023-10-29T11-41-47_211-jvmRun1 surefire-20231029114147320_1tmp surefire_0-20231029114147320_2tmp"/>
    <property name="jdk.debug" value="release"/>
    <property name="surefire.test.class.path" value="D:\projects\api-demo\target\test-classes;D:\projects\api-demo\target\classes;C:\mavencc\org\springframework\boot\spring-boot-starter-web\3.1.5\spring-boot-starter-web-3.1.5.jar;C:\mavencc\org\springframework\boot\spring-boot-starter\3.1.5\spring-boot-starter-3.1.5.jar;C:\mavencc\org\springframework\boot\spring-boot\3.1.5\spring-boot-3.1.5.jar;C:\mavencc\org\springframework\boot\spring-boot-autoconfigure\3.1.5\spring-boot-autoconfigure-3.1.5.jar;C:\mavencc\org\springframework\boot\spring-boot-starter-logging\3.1.5\spring-boot-starter-logging-3.1.5.jar;C:\mavencc\ch\qos\logback\logback-classic\1.4.11\logback-classic-1.4.11.jar;C:\mavencc\ch\qos\logback\logback-core\1.4.11\logback-core-1.4.11.jar;C:\mavencc\org\apache\logging\log4j\log4j-to-slf4j\2.20.0\log4j-to-slf4j-2.20.0.jar;C:\mavencc\org\apache\logging\log4j\log4j-api\2.20.0\log4j-api-2.20.0.jar;C:\mavencc\org\slf4j\jul-to-slf4j\2.0.9\jul-to-slf4j-2.0.9.jar;C:\mavencc\jakarta\annotation\jakarta.annotation-api\2.1.1\jakarta.annotation-api-2.1.1.jar;C:\mavencc\org\yaml\snakeyaml\1.33\snakeyaml-1.33.jar;C:\mavencc\org\springframework\boot\spring-boot-starter-json\3.1.5\spring-boot-starter-json-3.1.5.jar;C:\mavencc\com\fasterxml\jackson\core\jackson-databind\2.15.3\jackson-databind-2.15.3.jar;C:\mavencc\com\fasterxml\jackson\core\jackson-annotations\2.15.3\jackson-annotations-2.15.3.jar;C:\mavencc\com\fasterxml\jackson\core\jackson-core\2.15.3\jackson-core-2.15.3.jar;C:\mavencc\com\fasterxml\jackson\datatype\jackson-datatype-jdk8\2.15.3\jackson-datatype-jdk8-2.15.3.jar;C:\mavencc\com\fasterxml\jackson\datatype\jackson-datatype-jsr310\2.15.3\jackson-datatype-jsr310-2.15.3.jar;C:\mavencc\com\fasterxml\jackson\module\jackson-module-parameter-names\2.15.3\jackson-module-parameter-names-2.15.3.jar;C:\mavencc\org\springframework\boot\spring-boot-starter-tomcat\3.1.5\spring-boot-starter-tomcat-3.1.5.jar;C:\mavencc\org\apache\tomcat\embed\tomcat-embed-core\10.1.15\tomcat-embed-core-10.1.15.jar;C:\mavencc\org\apache\tomcat\embed\tomcat-embed-el\10.1.15\tomcat-embed-el-10.1.15.jar;C:\mavencc\org\apache\tomcat\embed\tomcat-embed-websocket\10.1.15\tomcat-embed-websocket-10.1.15.jar;C:\mavencc\org\springframework\spring-web\6.0.13\spring-web-6.0.13.jar;C:\mavencc\org\springframework\spring-beans\6.0.13\spring-beans-6.0.13.jar;C:\mavencc\io\micrometer\micrometer-observation\1.11.5\micrometer-observation-1.11.5.jar;C:\mavencc\io\micrometer\micrometer-commons\1.11.5\micrometer-commons-1.11.5.jar;C:\mavencc\org\springframework\spring-webmvc\6.0.13\spring-webmvc-6.0.13.jar;C:\mavencc\org\springframework\spring-aop\6.0.13\spring-aop-6.0.13.jar;C:\mavencc\org\springframework\spring-context\6.0.13\spring-context-6.0.13.jar;C:\mavencc\org\springframework\spring-expression\6.0.13\spring-expression-6.0.13.jar;C:\mavencc\org\springframework\boot\spring-boot-starter-test\3.1.5\spring-boot-starter-test-3.1.5.jar;C:\mavencc\org\springframework\boot\spring-boot-test\3.1.5\spring-boot-test-3.1.5.jar;C:\mavencc\org\springframework\boot\spring-boot-test-autoconfigure\3.1.5\spring-boot-test-autoconfigure-3.1.5.jar;C:\mavencc\com\jayway\jsonpath\json-path\2.8.0\json-path-2.8.0.jar;C:\mavencc\org\slf4j\slf4j-api\2.0.9\slf4j-api-2.0.9.jar;C:\mavencc\jakarta\xml\bind\jakarta.xml.bind-api\4.0.1\jakarta.xml.bind-api-4.0.1.jar;C:\mavencc\jakarta\activation\jakarta.activation-api\2.1.2\jakarta.activation-api-2.1.2.jar;C:\mavencc\net\minidev\json-smart\2.4.11\json-smart-2.4.11.jar;C:\mavencc\net\minidev\accessors-smart\2.4.11\accessors-smart-2.4.11.jar;C:\mavencc\org\ow2\asm\asm\9.3\asm-9.3.jar;C:\mavencc\org\assertj\assertj-core\3.24.2\assertj-core-3.24.2.jar;C:\mavencc\net\bytebuddy\byte-buddy\1.14.9\byte-buddy-1.14.9.jar;C:\mavencc\org\hamcrest\hamcrest\2.2\hamcrest-2.2.jar;C:\mavencc\org\junit\jupiter\junit-jupiter\5.9.3\junit-jupiter-5.9.3.jar;C:\mavencc\org\junit\jupiter\junit-jupiter-api\5.9.3\junit-jupiter-api-5.9.3.jar;C:\mavencc\org\opentest4j\opentest4j\1.2.0\opentest4j-1.2.0.jar;C:\mavencc\org\junit\platform\junit-platform-commons\1.9.3\junit-platform-commons-1.9.3.jar;C:\mavencc\org\apiguardian\apiguardian-api\1.1.2\apiguardian-api-1.1.2.jar;C:\mavencc\org\junit\jupiter\junit-jupiter-params\5.9.3\junit-jupiter-params-5.9.3.jar;C:\mavencc\org\junit\jupiter\junit-jupiter-engine\5.9.3\junit-jupiter-engine-5.9.3.jar;C:\mavencc\org\junit\platform\junit-platform-engine\1.9.3\junit-platform-engine-1.9.3.jar;C:\mavencc\org\mockito\mockito-core\5.3.1\mockito-core-5.3.1.jar;C:\mavencc\net\bytebuddy\byte-buddy-agent\1.14.9\byte-buddy-agent-1.14.9.jar;C:\mavencc\org\objenesis\objenesis\3.3\objenesis-3.3.jar;C:\mavencc\org\mockito\mockito-junit-jupiter\5.3.1\mockito-junit-jupiter-5.3.1.jar;C:\mavencc\org\skyscreamer\jsonassert\1.5.1\jsonassert-1.5.1.jar;C:\mavencc\com\vaadin\external\google\android-json\0.0.20131108.vaadin1\android-json-0.0.20131108.vaadin1.jar;C:\mavencc\org\springframework\spring-core\6.0.13\spring-core-6.0.13.jar;C:\mavencc\org\springframework\spring-jcl\6.0.13\spring-jcl-6.0.13.jar;C:\mavencc\org\springframework\spring-test\6.0.13\spring-test-6.0.13.jar;C:\mavencc\org\xmlunit\xmlunit-core\2.9.1\xmlunit-core-2.9.1.jar;"/>
    <property name="sun.cpu.endian" value="little"/>
    <property name="user.home" value="C:\Users\84508"/>
    <property name="user.language" value="zh"/>
    <property name="java.specification.vendor" value="Oracle Corporation"/>
    <property name="java.version.date" value="2021-10-19"/>
    <property name="java.home" value="C:\Program Files\Java\jdk-17.0.1"/>
    <property name="file.separator" value="\"/>
    <property name="basedir" value="D:\projects\api-demo"/>
    <property name="java.vm.compressedOopsMode" value="Zero based"/>
    <property name="line.separator" value="&#10;"/>
    <property name="java.vm.specification.vendor" value="Oracle Corporation"/>
    <property name="java.specification.name" value="Java Platform API Specification"/>
    <property name="FILE_LOG_CHARSET" value="GBK"/>
    <property name="java.awt.headless" value="true"/>
    <property name="surefire.real.class.path" value="C:\Users\84508\AppData\Local\Temp\surefire2232480991664629909\surefirebooter-20231029114147320_3.jar"/>
    <property name="user.script" value=""/>
    <property name="sun.management.compiler" value="HotSpot 64-Bit Tiered Compilers"/>
    <property name="java.runtime.version" value="17.0.1+12-LTS-39"/>
    <property name="user.name" value="84508"/>
    <property name="path.separator" value=";"/>
    <property name="os.version" value="10.0"/>
    <property name="java.runtime.name" value="Java(TM) SE Runtime Environment"/>
    <property name="file.encoding" value="GBK"/>
    <property name="java.vm.name" value="Java HotSpot(TM) 64-Bit Server VM"/>
    <property name="localRepository" value="C:\mavencc"/>
    <property name="java.vendor.url.bug" value="https://bugreport.java.com/bugreport/"/>
    <property name="java.io.tmpdir" value="C:\Users\84508\AppData\Local\Temp\"/>
    <property name="idea.version" value="2023.2.3"/>
    <property name="java.version" value="17.0.1"/>
    <property name="user.dir" value="D:\projects\api-demo"/>
    <property name="os.arch" value="amd64"/>
    <property name="java.vm.specification.name" value="Java Virtual Machine Specification"/>
    <property name="PID" value="17796"/>
    <property name="sun.os.patch.level" value=""/>
    <property name="CONSOLE_LOG_CHARSET" value="GBK"/>
    <property name="native.encoding" value="GBK"/>
    <property name="java.library.path" value="C:\Program Files\Java\jdk-17.0.1\bin;C:\Windows\Sun\Java\bin;C:\Windows\system32;C:\Windows;C:\Program Files\Microsoft\jdk-11.0.16.101-hotspot\bin;C:\Program Files (x86)\Common Files\Oracle\Java\javapath;C:\Program Files\Microsoft MPI\Bin\;C:\Program Files\Common Files\Oracle\Java\javapath;C:\Windows\system32;C:\Windows;C:\Windows\System32\Wbem;C:\Windows\System32\WindowsPowerShell\v1.0\;C:\Windows\System32\OpenSSH\;C:\Program Files (x86)\NVIDIA Corporation\PhysX\Common;C:\Program Files\NVIDIA Corporation\NVIDIA NvDLISR;C:\Program Files\Java\jdk-17.0.1\bin;C:\Program Files\Java\jdk-17.0.1\jre\bin;C:\Program Files\Microsoft SQL Server\Client SDK\ODBC\170\Tools\Binn\;C:\Program Files (x86)\Microsoft SQL Server\150\Tools\Binn\;C:\Program Files\Microsoft SQL Server\150\Tools\Binn\;C:\Program Files\Microsoft SQL Server\150\DTS\Binn\;C:\Program Files\Azure Data Studio\bin;C:\Program Files\MySQL\MySQL Utilities 1.6\;D:\MySQL\bin;C:\Users\84508\Downloads\apache-maven-3.8.1\bin;D:\DevUtil\apache-tomcat-9.0.69\bin;C:\Program Files\dotnet\;D:\DevUtil\apache-tomcat-10.0.27\lib;D:\DevUtil\apache-tomcat-10.0.27\bin;D:\DevUtil\Git\cmd;C:\Program Files (x86)\Tencent\微信web开发者工具\dll;D:\DevUtil\Redis-x64-5.0.14.1;D:\DevUtil\nvm\nvm;D:\DevUtil\nodejs;C:\Program Files (x86)\Windows Kits\10\Windows Performance Toolkit\;C:\Program Files\Docker\Docker\resources\bin;D:\DevUtil\Google\Cloud SDK\google-cloud-sdk\bin;D:\DevUtil\nodejs\;D:\DevUtil\flutter_windows_3.13.3-stable\flutter\bin;C:\Users\84508\AppData\Local\Microsoft\WindowsApps;C:\Program Files\JetBrains\IntelliJ IDEA Community Edition 2021.3.1\bin;;C:\Program Files\Azure Data Studio\bin;C:\Program Files\JetBrains\IntelliJ IDEA 2022.2.1\bin;;C:\Users\84508\AppData\Local\Programs\Microsoft VS Code\bin;C:\Users\84508\.dotnet\tools;D:\DevUtil\nvm\nvm;D:\DevUtil\nodejs;C:\Users\84508\AppData\Roaming\npm;."/>
    <property name="java.vm.info" value="mixed mode, sharing"/>
    <property name="java.vendor" value="Oracle Corporation"/>
    <property name="java.vm.version" value="17.0.1+12-LTS-39"/>
    <property name="sun.io.unicode.encoding" value="UnicodeLittle"/>
    <property name="maven.repo.local" value="C:\mavencc"/>
    <property name="java.class.version" value="61.0"/>
  </properties>
  <testcase name="contextLoads" classname="top.om1ga.apidemo.ApiDemoApplicationTests" time="0.837">
    <system-out><![CDATA[11:41:48.122 [main] INFO org.springframework.test.context.support.AnnotationConfigContextLoaderUtils -- Could not detect default configuration classes for test class [top.om1ga.apidemo.ApiDemoApplicationTests]: ApiDemoApplicationTests does not declare any static, non-private, non-final, nested classes annotated with @Configuration.
11:41:48.229 [main] INFO org.springframework.boot.test.context.SpringBootTestContextBootstrapper -- Found @SpringBootConfiguration top.om1ga.apidemo.ApiDemoApplication for test class top.om1ga.apidemo.ApiDemoApplicationTests

  .   ____          _            __ _ _
 /\\ / ___'_ __ _ _(_)_ __  __ _ \ \ \ \
( ( )\___ | '_ | '_| | '_ \/ _` | \ \ \ \
 \\/  ___)| |_)| | | | | || (_| |  ) ) ) )
  '  |____| .__|_| |_|_| |_\__, | / / / /
 =========|_|==============|___/=/_/_/_/
 :: Spring Boot ::                (v3.1.5)

2023-10-29T11:41:48.609+08:00  INFO 17796 --- [           main] t.om1ga.apidemo.ApiDemoApplicationTests  : Starting ApiDemoApplicationTests using Java 17.0.1 with PID 17796 (started by 84508 in D:\projects\api-demo)
2023-10-29T11:41:48.611+08:00  INFO 17796 --- [           main] t.om1ga.apidemo.ApiDemoApplicationTests  : No active profile set, falling back to 1 default profile: "default"
2023-10-29T11:41:49.616+08:00  INFO 17796 --- [           main] t.om1ga.apidemo.ApiDemoApplicationTests  : Started ApiDemoApplicationTests in 1.249 seconds (process running for 2.094)
]]></system-out>
  </testcase>
</testsuite>